Stylist is Sleeping
Customer Number 2 is added to the waiting queue
Customer Number 4 is added to the waiting queue
Customer Number 3 is added to the waiting queue

Stylist Number 1 is serving a customer....
Customer Number 2 is getting a haircut
Customer Number 1 is added to the waiting queue
Total customers served: 1
Customer Number 1 is getting a haircut
Customer Number 5 is added to the waiting queue

Stylist Number 1 is serving a customer....
Customer Number 6 is added to the waiting queue
Total customers served: 2

Stylist Number 1 is serving a customer....
Customer Number 7 is added to the waiting queue
Customer Number 7 is getting a haircut
Total customers served: 3

Stylist Number 1 is serving a customer....
Customer Number 5 is getting a haircut
Total customers served: 4

Stylist Number 1 is serving a customer....
Customer Number 6 is getting a haircut
Total customers served: 5

Stylist Number 1 is serving a customer....
Customer Number 4 is getting a haircut
Total customers served: 6

Stylist Number 1 is serving a customer....
Customer Number 8 is added to the waiting queue
Customer Number 8 is getting a haircut
Total customers served: 7

Stylist Number 1 is serving a customer....
Customer Number 3 is getting a haircut
Total customers served: 8
Stylist is Sleeping
Customer Number 9 is added to the waiting queue

Stylist Number 1 is serving a customer....
Customer Number 10 is added to the waiting queue
Customer Number 9 is getting a haircut
Customer Number 11 is added to the waiting queue
Total customers served: 9

Stylist Number 1 is serving a customer....
Customer Number 10 is getting a haircut
Total customers served: 10

Stylist Number 1 is serving a customer....
Customer Number 11 is getting a haircut
Total customers served: 11
Stylist is Sleeping
Customer Number 12 is added to the waiting queue
Customer Number 13 is added to the waiting queue

Stylist Number 1 is serving a customer....
Customer Number 12 is getting a haircut
Customer Number 14 is added to the waiting queue
Total customers served: 12

Stylist Number 1 is serving a customer....
Customer Number 13 is getting a haircut
Customer Number 15 is added to the waiting queue
Total customers served: 13

Stylist Number 1 is serving a customer....
Customer Number 14 is getting a haircut
Total customers served: 14

Stylist Number 1 is serving a customer....
Customer Number 15 is getting a haircut
Customer Number 16 is added to the waiting queue
Total customers served: 15

Stylist Number 1 is serving a customer....
Customer Number 16 is getting a haircut
Total customers served: 16
Stylist is Sleeping
Customer Number 17 is added to the waiting queue
Customer Number 18 is added to the waiting queue

Stylist Number 1 is serving a customer....
Customer Number 17 is getting a haircut
Customer Number 19 is added to the waiting queue
Total customers served: 17

Stylist Number 1 is serving a customer....
Customer Number 18 is getting a haircut
Customer Number 20 is added to the waiting queue
Customer Number 21 is added to the waiting queue
Total customers served: 18

Stylist Number 1 is serving a customer....
Customer Number 19 is getting a haircut
Customer Number 22 is added to the waiting queue
Total customers served: 19

Stylist Number 1 is serving a customer....
Customer Number 20 is getting a haircut
Customer Number 23 is added to the waiting queue
Total customers served: 20
Customer Number 24 is added to the waiting queue
Customer Number 24 is getting a haircut

Stylist Number 1 is serving a customer....
Customer Number 25 is added to the waiting queue
Total customers served: 21

Stylist Number 1 is serving a customer....
Customer Number 22 is getting a haircut
Customer Number 26 is added to the waiting queue
Total customers served: 22

Stylist Number 1 is serving a customer....
Customer Number 23 is getting a haircut
Customer Number 27 is added to the waiting queue
Total customers served: 23

Stylist Number 1 is serving a customer....
Customer Number 21 is getting a haircut
Total customers served: 24
Customer Number 28 is added to the waiting queue

Stylist Number 1 is serving a customer....
Customer Number 25 is getting a haircut
Total customers served: 25

Stylist Number 1 is serving a customer....
Customer Number 26 is getting a haircut
Customer Number 30 is added to the waiting queue
Customer Number 29 is added to the waiting queue
Customer Number 31 is added to the waiting queue
Total customers served: 26

Stylist Number 1 is serving a customer....
Customer Number 27 is getting a haircut
Customer Number 32 is added to the waiting queue
Total customers served: 27

Stylist Number 1 is serving a customer....
Customer Number 28 is getting a haircut
Customer Number 33 is added to the waiting queue
Total customers served: 28

Stylist Number 1 is serving a customer....
Customer Number 30 is getting a haircut
Total customers served: 29
Customer Number 29 is getting a haircut

Stylist Number 1 is serving a customer....
Customer Number 35 is added to the waiting queue
Customer Number 36 is added to the waiting queue
Total customers served: 30

Stylist Number 1 is serving a customer....
Customer Number 31 is getting a haircut
Customer Number 37 is added to the waiting queue
Customer Number 34 is added to the waiting queue
Customer Number 38 is added to the waiting queue
Total customers served: 31

Stylist Number 1 is serving a customer....
Customer Number 32 is getting a haircut
Customer Number 39 is added to the waiting queue
Total customers served: 32

Stylist Number 1 is serving a customer....
Customer Number 33 is getting a haircut
Customer Number 40 is added to the waiting queue
Total customers served: 33
Customer Number 41 leaving...

Stylist Number 1 is serving a customer....
Customer Number 35 is getting a haircut
Customer Number 42 is added to the waiting queue
Customer Number 41 reattempting...
Customer Number 41 leaving...
Total customers served: 34

Stylist Number 1 is serving a customer....
Customer Number 36 is getting a haircut
Customer Number 41 reattempting...
Customer Number 41 is added to the waiting queue
Customer Number 43 leaving...
Total customers served: 35

Stylist Number 1 is serving a customer....
Customer Number 37 is getting a haircut
Customer Number 44 is added to the waiting queue
Customer Number 43 reattempting...
Customer Number 43 leaving...
Total customers served: 36

Stylist Number 1 is serving a customer....
Customer Number 45 is added to the waiting queue
Customer Number 45 is getting a haircut
Customer Number 43 reattempting...
Customer Number 43 leaving...
Total customers served: 37
Customer Number 38 is getting a haircut

Stylist Number 1 is serving a customer....
Customer Number 46 is added to the waiting queue
Customer Number 47 leaving...
Customer Number 43 reattempting...
Customer Number 43 leaving...
Total customers served: 38

Stylist Number 1 is serving a customer....
Customer Number 39 is getting a haircut
Customer Number 47 reattempting...
Customer Number 47 is added to the waiting queue
Customer Number 43 reattempting...
Customer Number 43 leaving...
Customer Number 49 leaving...
Total customers served: 39

Stylist Number 1 is serving a customer....
Customer Number 40 is getting a haircut
Customer Number 48 is added to the waiting queue
Customer Number 43 reattempting...
Customer Number 43 leaving...
Customer Number 49 reattempting...
Customer Number 49 leaving...
Total customers served: 40

Stylist Number 1 is serving a customer....
Customer Number 42 is getting a haircut
Customer Number 43 reattempting...
Customer Number 43 is added to the waiting queue
Customer Number 49 reattempting...
Customer Number 49 leaving...
Total customers served: 41
Customer Number 41 is getting a haircut
Customer Number 51 is added to the waiting queue
Customer Number 50 leaving...
Customer Number 52 leaving...

Stylist Number 1 is serving a customer....
Customer Number 49 reattempting...
Customer Number 49 leaving...
Customer Number 50 reattempting...
Customer Number 53 leaving...
Total customers served: 42
Customer Number 52 reattempting...
Customer Number 52 leaving...
Customer Number 49 reattempting...

Stylist Number 1 is serving a customer....
Customer Number 49 is added to the waiting queue
Customer Number 53 reattempting...
Customer Number 52 reattempting...
Customer Number 52 leaving...
Customer Number 44 is getting a haircut
Customer Number 50 leaving...
Customer Number 55 leaving...
Customer Number 53 leaving...
Total customers served: 43

Stylist Number 1 is serving a customer....
Customer Number 46 is getting a haircut
Customer Number 52 reattempting...
Customer Number 52 is added to the waiting queue
Customer Number 55 reattempting...
Customer Number 55 leaving...
Customer Number 50 reattempting...
Customer Number 50 leaving...
Customer Number 56 leaving...
Customer Number 53 reattempting...
Customer Number 53 leaving...
Total customers served: 44

Stylist Number 1 is serving a customer....
Customer Number 55 reattempting...
Customer Number 55 is added to the waiting queue
Customer Number 50 reattempting...
Customer Number 50 leaving...
Customer Number 55 is getting a haircut
Customer Number 56 reattempting...
Customer Number 56 leaving...
Customer Number 53 reattempting...
Customer Number 53 leaving...
Customer Number 57 leaving...
Total customers served: 45

Stylist Number 1 is serving a customer....
Customer Number 47 is getting a haircut
Customer Number 56 reattempting...
Customer Number 56 is added to the waiting queue
Customer Number 53 reattempting...
Customer Number 53 leaving...
Customer Number 50 reattempting...
Customer Number 50 leaving...
Customer Number 58 leaving...
Total customers served: 46

Stylist Number 1 is serving a customer....
Customer Number 48 is getting a haircut
Customer Number 50 reattempting...
Customer Number 50 is added to the waiting queue
Customer Number 53 reattempting...
Customer Number 53 leaving...
Customer Number 57 reattempting...
Customer Number 57 leaving...
Customer Number 54 leaving...
Customer Number 58 reattempting...
Customer Number 58 leaving...
Total customers served: 47

Stylist Number 1 is serving a customer....
Customer Number 53 reattempting...
Customer Number 57 reattempting...
Customer Number 43 is getting a haircut
Customer Number 54 reattempting...
Customer Number 53 is added to the waiting queue
Customer Number 58 reattempting...
Customer Number 58 leaving...
Customer Number 60 leaving...
Total customers served: 48

Stylist Number 1 is serving a customer....
Customer Number 54 is added to the waiting queue
Customer Number 51 is getting a haircut
Customer Number 59 leaving...
Customer Number 57 leaving...
Customer Number 60 reattempting...
Customer Number 60 leaving...
Total customers served: 49
Customer Number 58 reattempting...
Customer Number 49 is getting a haircut

Stylist Number 1 is serving a customer....
Customer Number 59 reattempting...
Customer Number 59 is added to the waiting queue
Customer Number 58 leaving...
Customer Number 57 reattempting...
Customer Number 57 leaving...
Customer Number 61 leaving...
Customer Number 60 reattempting...
Customer Number 60 leaving...
Total customers served: 50

Stylist Number 1 is serving a customer....
Customer Number 52 is getting a haircut
Customer Number 57 reattempting...
Customer Number 57 is added to the waiting queue
Customer Number 58 reattempting...
Customer Number 58 leaving...
Customer Number 61 reattempting...
Customer Number 61 leaving...
Customer Number 60 reattempting...
Customer Number 60 leaving...
Customer Number 63 leaving...
Total customers served: 51

Stylist Number 1 is serving a customer....
Customer Number 58 reattempting...
Customer Number 58 is added to the waiting queue
Customer Number 58 is getting a haircut
Customer Number 60 reattempting...
Customer Number 60 leaving...
Customer Number 63 reattempting...
Customer Number 63 leaving...
Customer Number 64 leaving...
Customer Number 61 reattempting...
Customer Number 61 leaving...
Customer Number 62 leaving...
Total customers served: 52

Stylist Number 1 is serving a customer....
Customer Number 56 is getting a haircut
Customer Number 60 reattempting...
Customer Number 60 is added to the waiting queue
Customer Number 64 reattempting...
Customer Number 64 leaving...
Customer Number 63 reattempting...
Customer Number 63 leaving...
Total customers served: 53

Stylist Number 1 is serving a customer....
Customer Number 61 reattempting...
Customer Number 61 is added to the waiting queue
Customer Number 61 is getting a haircut
Customer Number 64 reattempting...
Customer Number 64 leaving...
Customer Number 62 reattempting...
Customer Number 63 reattempting...
Customer Number 62 leaving...
Customer Number 63 leaving...
Customer Number 65 leaving...
Total customers served: 54

Stylist Number 1 is serving a customer....
Customer Number 53 is getting a haircut
Customer Number 64 reattempting...
Customer Number 64 is added to the waiting queue
Customer Number 63 reattempting...
Customer Number 63 leaving...
Customer Number 62 reattempting...
Customer Number 62 leaving...
Total customers served: 55
Customer Number 65 reattempting...
Customer Number 54 is getting a haircut
Customer Number 66 is added to the waiting queue

Stylist Number 1 is serving a customer....
Customer Number 65 leaving...
Customer Number 63 reattempting...
Customer Number 63 leaving...
Customer Number 62 reattempting...
Customer Number 62 leaving...
Total customers served: 56

Stylist Number 1 is serving a customer....
Customer Number 63 reattempting...
Customer Number 63 is added to the waiting queue
Customer Number 63 is getting a haircut
Customer Number 62 reattempting...
Customer Number 62 leaving...
Customer Number 65 reattempting...
Customer Number 65 leaving...
Customer Number 67 leaving...
Total customers served: 57

Stylist Number 1 is serving a customer....
Customer Number 57 is getting a haircut
Customer Number 62 reattempting...
Customer Number 62 is added to the waiting queue
Customer Number 67 reattempting...
Customer Number 67 leaving...
Customer Number 65 reattempting...
Customer Number 65 leaving...
Total customers served: 58

Stylist Number 1 is serving a customer....
Customer Number 59 is getting a haircut
Customer Number 67 reattempting...
Customer Number 67 is added to the waiting queue
Customer Number 69 leaving...
Customer Number 68 leaving...
Total customers served: 59

Stylist Number 1 is serving a customer....
Customer Number 60 is getting a haircut
Customer Number 65 reattempting...
Customer Number 65 is added to the waiting queue
Customer Number 69 reattempting...
Customer Number 68 reattempting...
Customer Number 69 leaving...
Customer Number 68 leaving...
Total customers served: 60

Stylist Number 1 is serving a customer....
Customer Number 50 is getting a haircut
Customer Number 70 is added to the waiting queue
Customer Number 69 reattempting...
Customer Number 69 leaving...
Customer Number 68 reattempting...
Customer Number 68 leaving...
Total customers served: 61

Stylist Number 1 is serving a customer....
Customer Number 71 is added to the waiting queue
Customer Number 71 is getting a haircut
Customer Number 69 reattempting...
Customer Number 69 leaving...
Customer Number 68 reattempting...
Customer Number 68 leaving...
Total customers served: 62

Stylist Number 1 is serving a customer....
Customer Number 66 is getting a haircut
Customer Number 72 is added to the waiting queue
Customer Number 69 reattempting...
Customer Number 69 leaving...
Customer Number 68 reattempting...
Customer Number 68 leaving...
Total customers served: 63

Stylist Number 1 is serving a customer....
Customer Number 62 is getting a haircut
Customer Number 73 is added to the waiting queue
Customer Number 69 reattempting...
Customer Number 69 leaving...
Customer Number 68 reattempting...
Customer Number 68 leaving...
Customer Number 74 leaving...
Total customers served: 64

Stylist Number 1 is serving a customer....
Customer Number 67 is getting a haircut
Customer Number 69 reattempting...
Customer Number 69 is added to the waiting queue
Customer Number 68 reattempting...
Customer Number 68 leaving...
Customer Number 74 reattempting...
Customer Number 74 leaving...
Customer Number 75 leaving...
Total customers served: 65

Stylist Number 1 is serving a customer....
Customer Number 76 is added to the waiting queue
Customer Number 76 is getting a haircut
Customer Number 68 reattempting...
Customer Number 68 leaving...
Customer Number 75 reattempting...
Customer Number 74 reattempting...
Customer Number 75 leaving...
Total customers served: 66

Stylist Number 1 is serving a customer....
Customer Number 77 is added to the waiting queue
Customer Number 77 is getting a haircut
Customer Number 74 leaving...
Customer Number 68 reattempting...
Customer Number 68 leaving...
Total customers served: 67
Customer Number 75 reattempting...
Customer Number 74 reattempting...
Customer Number 74 is added to the waiting queue
Customer Number 74 is getting a haircut

Stylist Number 1 is serving a customer....
Customer Number 75 leaving...
Customer Number 78 leaving...
Customer Number 68 reattempting...
Customer Number 68 leaving...
Customer Number 75 reattempting...
Customer Number 75 leaving...
Total customers served: 68

Stylist Number 1 is serving a customer....
Customer Number 70 is getting a haircut
Customer Number 68 reattempting...
Customer Number 68 is added to the waiting queue
Customer Number 78 reattempting...
Customer Number 78 leaving...
Customer Number 79 leaving...
Customer Number 75 reattempting...
Customer Number 75 leaving...
Total customers served: 69

Stylist Number 1 is serving a customer....
Customer Number 72 is getting a haircut
Customer Number 78 reattempting...
Customer Number 78 is added to the waiting queue
Customer Number 79 reattempting...
Customer Number 79 leaving...
Customer Number 75 reattempting...
Customer Number 75 leaving...
Total customers served: 70

Stylist Number 1 is serving a customer....
Customer Number 73 is getting a haircut
Customer Number 79 reattempting...
Customer Number 79 is added to the waiting queue
Customer Number 80 leaving...
Customer Number 75 reattempting...
Customer Number 75 leaving...
Total customers served: 71

Stylist Number 1 is serving a customer....
Customer Number 69 is getting a haircut
Customer Number 81 is added to the waiting queue
Customer Number 80 reattempting...
Customer Number 80 leaving...
Customer Number 75 reattempting...
Customer Number 75 leaving...
Total customers served: 72

Stylist Number 1 is serving a customer....
Customer Number 82 is added to the waiting queue
Customer Number 82 is getting a haircut
Customer Number 80 reattempting...
Customer Number 80 leaving...
Customer Number 75 reattempting...
Customer Number 75 leaving...
Total customers served: 73

Stylist Number 1 is serving a customer....
Customer Number 83 is added to the waiting queue
Customer Number 80 reattempting...
Customer Number 83 is getting a haircut
Customer Number 80 leaving...
Customer Number 75 reattempting...
Customer Number 75 leaving...
Customer Number 84 leaving...
Total customers served: 74
Customer Number 80 reattempting...
Customer Number 75 reattempting...
Customer Number 75 is added to the waiting queue

Stylist Number 1 is serving a customer....
Customer Number 64 is getting a haircut
Customer Number 80 leaving...
Customer Number 85 leaving...
Customer Number 84 reattempting...
Customer Number 84 leaving...
Total customers served: 75

Stylist Number 1 is serving a customer....
Customer Number 80 reattempting...
Customer Number 80 is added to the waiting queue
Customer Number 68 is getting a haircut
Customer Number 85 reattempting...
Customer Number 85 leaving...
Customer Number 84 reattempting...
Customer Number 84 leaving...
Total customers served: 76

Stylist Number 1 is serving a customer....
Customer Number 78 is getting a haircut
Customer Number 87 is added to the waiting queue
Customer Number 84 reattempting...
Customer Number 85 reattempting...
Customer Number 84 leaving...
Customer Number 85 leaving...
Total customers served: 77

Stylist Number 1 is serving a customer....
Customer Number 79 is getting a haircut
Customer Number 84 reattempting...
Customer Number 85 reattempting...
Customer Number 84 is added to the waiting queue
Customer Number 85 leaving...
Customer Number 86 leaving...
Total customers served: 78

Stylist Number 1 is serving a customer....
Customer Number 81 is getting a haircut
Customer Number 89 is added to the waiting queue
Customer Number 85 reattempting...
Customer Number 85 leaving...
Customer Number 86 reattempting...
Customer Number 86 leaving...
Customer Number 90 leaving...
Total customers served: 79

Stylist Number 1 is serving a customer....
Customer Number 85 reattempting...
Customer Number 85 is added to the waiting queue
Customer Number 85 is getting a haircut
Customer Number 86 reattempting...
Customer Number 86 leaving...
Customer Number 91 leaving...
Customer Number 88 leaving...
Customer Number 90 reattempting...
Customer Number 90 leaving...
Total customers served: 80

Stylist Number 1 is serving a customer....
Customer Number 75 is getting a haircut
Customer Number 86 reattempting...
Customer Number 86 is added to the waiting queue
Customer Number 91 reattempting...
Customer Number 91 leaving...
Customer Number 88 reattempting...
Customer Number 88 leaving...
Customer Number 90 reattempting...
Customer Number 90 leaving...
Total customers served: 81

Stylist Number 1 is serving a customer....
Customer Number 91 reattempting...
Customer Number 91 is added to the waiting queue
Customer Number 91 is getting a haircut
Customer Number 90 reattempting...
Customer Number 90 leaving...
Customer Number 88 reattempting...
Customer Number 88 leaving...
Total customers served: 82

Stylist Number 1 is serving a customer....
Customer Number 65 is getting a haircut
Customer Number 90 reattempting...
Customer Number 90 is added to the waiting queue
Customer Number 88 reattempting...
Customer Number 92 leaving...
Customer Number 94 leaving...
Total customers served: 83

Stylist Number 1 is serving a customer....
Customer Number 88 is added to the waiting queue
Customer Number 87 is getting a haircut
Customer Number 93 leaving...
Customer Number 95 leaving...
Customer Number 92 reattempting...
Customer Number 92 leaving...
Total customers served: 84
Customer Number 94 reattempting...

Stylist Number 1 is serving a customer....
Customer Number 94 is added to the waiting queue
Customer Number 94 is getting a haircut
Customer Number 96 leaving...
Customer Number 92 reattempting...
Customer Number 92 leaving...
Customer Number 95 reattempting...
Customer Number 95 leaving...
Customer Number 93 reattempting...
Customer Number 93 leaving...
Total customers served: 85

Stylist Number 1 is serving a customer....
Customer Number 89 is getting a haircut
Customer Number 96 reattempting...
Customer Number 96 is added to the waiting queue
Customer Number 92 reattempting...
Customer Number 97 leaving...
Customer Number 92 leaving...
Customer Number 95 reattempting...
Customer Number 95 leaving...
Total customers served: 86

Stylist Number 1 is serving a customer....
Customer Number 93 reattempting...
Customer Number 93 is added to the waiting queue
Customer Number 93 is getting a haircut
Customer Number 98 leaving...
Customer Number 97 reattempting...
Customer Number 97 leaving...
Customer Number 92 reattempting...
Customer Number 92 leaving...
Customer Number 95 reattempting...
Customer Number 95 leaving...
Total customers served: 87

Stylist Number 1 is serving a customer....
Customer Number 86 is getting a haircut
Customer Number 98 reattempting...
Customer Number 98 is added to the waiting queue
Customer Number 97 reattempting...
Customer Number 97 leaving...
Customer Number 92 reattempting...
Customer Number 92 leaving...
Customer Number 99 leaving...
Customer Number 95 reattempting...
Customer Number 95 leaving...
Total customers served: 88

Stylist Number 1 is serving a customer....
Customer Number 80 is getting a haircut
Customer Number 92 reattempting...
Customer Number 92 is added to the waiting queue
Customer Number 97 reattempting...
Customer Number 97 leaving...
Customer Number 99 reattempting...
Customer Number 99 leaving...
Customer Number 100 leaving...
Customer Number 95 reattempting...
Customer Number 95 leaving...
Total customers served: 89

Stylist Number 1 is serving a customer....
Customer Number 90 is getting a haircut
Customer Number 97 reattempting...
Customer Number 97 is added to the waiting queue
Total customers served: 90
Customer Number 99 reattempting...
Customer Number 100 reattempting...
Customer Number 100 leaving...
Customer Number 95 reattempting...

Stylist Number 1 is serving a customer....
Customer Number 88 is getting a haircut
Customer Number 99 is added to the waiting queue
Customer Number 100 reattempting...
Customer Number 100 leaving...
Customer Number 102 leaving...
Customer Number 95 leaving...
Total customers served: 91

Stylist Number 1 is serving a customer....
Customer Number 84 is getting a haircut
Customer Number 100 reattempting...
Customer Number 100 is added to the waiting queue
Customer Number 102 reattempting...
Customer Number 102 leaving...
Customer Number 104 leaving...
Customer Number 95 reattempting...
Customer Number 95 leaving...
Total customers served: 92

Stylist Number 1 is serving a customer....
Customer Number 96 is getting a haircut
Customer Number 102 reattempting...
Customer Number 102 is added to the waiting queue
Customer Number 103 leaving...
Customer Number 104 reattempting...
Customer Number 104 leaving...
Customer Number 105 leaving...
Customer Number 95 reattempting...
Customer Number 95 leaving...
Total customers served: 93

Stylist Number 1 is serving a customer....
Customer Number 98 is getting a haircut
Customer Number 103 reattempting...
Customer Number 103 is added to the waiting queue
Customer Number 104 reattempting...
Customer Number 105 reattempting...
Customer Number 104 leaving...
Customer Number 95 reattempting...
Customer Number 106 leaving...
Customer Number 95 leaving...
Total customers served: 94
Customer Number 105 leaving...

Stylist Number 1 is serving a customer....
Customer Number 106 reattempting...
Customer Number 106 is added to the waiting queue
Customer Number 106 is getting a haircut
Customer Number 104 reattempting...
Customer Number 104 leaving...
Customer Number 105 reattempting...
Customer Number 105 leaving...
Customer Number 95 reattempting...
Customer Number 95 leaving...
Total customers served: 95

Stylist Number 1 is serving a customer....
Customer Number 92 is getting a haircut
Customer Number 108 is added to the waiting queue
Customer Number 104 reattempting...
Customer Number 104 leaving...
Customer Number 105 reattempting...
Customer Number 105 leaving...
Customer Number 95 reattempting...
Customer Number 95 leaving...
Total customers served: 96

Stylist Number 1 is serving a customer....
Customer Number 97 is getting a haircut
Customer Number 107 is added to the waiting queue
Customer Number 109 leaving...
Customer Number 104 reattempting...
Customer Number 104 leaving...
Customer Number 105 reattempting...
Customer Number 101 leaving...
Customer Number 105 leaving...
Customer Number 95 reattempting...
Customer Number 95 leaving...
Total customers served: 97

Stylist Number 1 is serving a customer....
Customer Number 99 is getting a haircut
Customer Number 109 reattempting...
Customer Number 109 is added to the waiting queue
Customer Number 104 reattempting...
Customer Number 104 leaving...
Customer Number 105 reattempting...
Customer Number 105 leaving...
Customer Number 95 reattempting...
Customer Number 95 leaving...
Total customers served: 98

Stylist Number 1 is serving a customer....
Customer Number 100 is getting a haircut
Customer Number 104 reattempting...
Customer Number 104 is added to the waiting queue
Customer Number 105 reattempting...
Customer Number 105 leaving...
Customer Number 110 leaving...
Customer Number 95 reattempting...
Customer Number 95 leaving...
Total customers served: 99

Stylist Number 1 is serving a customer....
Customer Number 102 is getting a haircut
Customer Number 105 reattempting...
Customer Number 105 is added to the waiting queue
Customer Number 110 reattempting...
Customer Number 110 leaving...
Customer Number 95 reattempting...
Customer Number 111 leaving...
Customer Number 95 leaving...
Total customers served: 100

Stylist Number 1 is serving a customer....
Customer Number 103 is getting a haircut
Customer Number 110 reattempting...
Customer Number 110 is added to the waiting queue
Customer Number 112 leaving...
Customer Number 111 reattempting...
Customer Number 111 leaving...
Customer Number 95 reattempting...
Customer Number 95 leaving...
Total customers served: 101

Stylist Number 1 is serving a customer....
Customer Number 34 is getting a haircut
Customer Number 112 reattempting...
Customer Number 112 is added to the waiting queue
Customer Number 101 reattempting...
Customer Number 101 leaving...
Customer Number 111 reattempting...
Customer Number 111 leaving...
Customer Number 113 leaving...
Customer Number 95 reattempting...
Customer Number 95 leaving...
Total customers served: 102

Stylist Number 1 is serving a customer....
Customer Number 108 is getting a haircut
Customer Number 101 reattempting...
Customer Number 101 is added to the waiting queue
Customer Number 111 reattempting...
Customer Number 113 reattempting...
Customer Number 111 leaving...
Customer Number 113 leaving...
Customer Number 95 reattempting...
Customer Number 95 leaving...
Total customers served: 103

Stylist Number 1 is serving a customer....
Customer Number 107 is getting a haircut
Customer Number 111 reattempting...
Customer Number 111 is added to the waiting queue
Customer Number 113 reattempting...
Customer Number 113 leaving...
Customer Number 95 reattempting...
Customer Number 95 leaving...
Total customers served: 104
Customer Number 114 is added to the waiting queue

Stylist Number 1 is serving a customer....
Customer Number 114 is getting a haircut
Customer Number 113 reattempting...
Customer Number 113 leaving...
Customer Number 115 leaving...
Customer Number 95 reattempting...
Customer Number 95 leaving...
Total customers served: 105

Stylist Number 1 is serving a customer....
Customer Number 104 is getting a haircut
Customer Number 113 reattempting...
Customer Number 113 is added to the waiting queue
Customer Number 115 reattempting...
Customer Number 115 leaving...
Customer Number 95 reattempting...
Customer Number 95 leaving...
Total customers served: 106

Stylist Number 1 is serving a customer....
Customer Number 105 is getting a haircut
Customer Number 117 is added to the waiting queue
Customer Number 115 reattempting...
Customer Number 115 leaving...
Customer Number 95 reattempting...
Customer Number 95 leaving...
Customer Number 118 leaving...
Total customers served: 107

Stylist Number 1 is serving a customer....
Customer Number 110 is getting a haircut
Customer Number 115 reattempting...
Customer Number 115 is added to the waiting queue
Customer Number 95 reattempting...
Customer Number 95 leaving...
Customer Number 118 reattempting...
Customer Number 118 leaving...
Total customers served: 108

Stylist Number 1 is serving a customer....
Customer Number 112 is getting a haircut
Customer Number 119 is added to the waiting queue
Customer Number 95 reattempting...
Customer Number 95 leaving...
Customer Number 118 reattempting...
Customer Number 120 leaving...
Customer Number 118 leaving...
Total customers served: 109

Stylist Number 1 is serving a customer....
Customer Number 101 is getting a haircut
Customer Number 116 is added to the waiting queue
Customer Number 95 reattempting...
Customer Number 95 leaving...
Customer Number 118 reattempting...
Customer Number 118 leaving...
Customer Number 120 reattempting...
Customer Number 120 leaving...
Total customers served: 110

Stylist Number 1 is serving a customer....
Customer Number 111 is getting a haircut
Customer Number 95 reattempting...
Customer Number 95 is added to the waiting queue
Customer Number 118 reattempting...
Customer Number 118 leaving...
Customer Number 120 reattempting...
Customer Number 120 leaving...
Total customers served: 111

Stylist Number 1 is serving a customer....
Customer Number 109 is getting a haircut
Customer Number 118 reattempting...
Customer Number 118 is added to the waiting queue
Customer Number 120 reattempting...
Customer Number 120 leaving...
Total customers served: 112

Stylist Number 1 is serving a customer....
Customer Number 113 is getting a haircut
Customer Number 120 reattempting...
Customer Number 120 is added to the waiting queue
Total customers served: 113

Stylist Number 1 is serving a customer....
Customer Number 117 is getting a haircut
Total customers served: 114

Stylist Number 1 is serving a customer....
Customer Number 115 is getting a haircut
Total customers served: 115

Stylist Number 1 is serving a customer....
Customer Number 119 is getting a haircut
Total customers served: 116

Stylist Number 1 is serving a customer....
Customer Number 116 is getting a haircut
Total customers served: 117

Stylist Number 1 is serving a customer....
Customer Number 95 is getting a haircut
Total customers served: 118

Stylist Number 1 is serving a customer....
Customer Number 118 is getting a haircut
Total customers served: 119

Stylist Number 1 is serving a customer....
Customer Number 120 is getting a haircut
Total customers served: 120

Finished serving all customers!
Salon full = 83 times
Salon empty = 4 times
